<?xml version="1.0" encoding="UTF-8"?>
<!-- Generated by org.testng.reporters.JUnitXMLReporter -->
<testsuite ignored="0" hostname="DESKTOP-S6GK0PI" failures="0" tests="2" name="Error Validation Test" time="20.893" errors="0" timestamp="2025-05-05T22:04:04 CEST">
  <testcase classname="rahulshettyacademy.Tests.errorValidationsTest" name="ProductErrorTst" time="0.0">
    <skipped/>
  </testcase> <!-- ProductErrorTst -->
  <testcase classname="rahulshettyacademy.Tests.errorValidationsTest" name="credentialErrorTst" time="0.0">
    <skipped/>
  </testcase> <!-- credentialErrorTst -->
</testsuite> <!-- Error Validation Test -->
